This is XeTeX, Version 3.14159265-2.6-0.99992 (TeX Live 2015) (preloaded format=xelatex 2015.10.6)  10 MAR 2016 02:44
entering extended mode
 restricted \write18 enabled.
 file:line:error style messages enabled.
 %&-line parsing enabled.
**inst_proj.tex
(./inst_proj.tex
LaTeX2e <2015/01/01>
Babel <3.9l> and hyphenation patterns for 79 languages loaded.
(/usr/local/texlive/2015/texmf-dist/tex/latex/base/article.cls
Document Class: article 2014/09/29 v1.4h Standard LaTeX document class
(/usr/local/texlive/2015/texmf-dist/tex/latex/base/size12.clo
File: size12.clo 2014/09/29 v1.4h Standard LaTeX file (size option)
)
\c@part=\count79
\c@section=\count80
\c@subsection=\count81
\c@subsubsection=\count82
\c@paragraph=\count83
\c@subparagraph=\count84
\c@figure=\count85
\c@table=\count86
\abovecaptionskip=\skip41
\belowcaptionskip=\skip42
\bibindent=\dimen102
)
(/usr/local/texlive/2015/texmf-dist/tex/latex/fontspec/fontspec.sty
Package: fontspec 2015/09/24 v2.4e Font selection for XeLaTeX and LuaLaTeX

(/usr/local/texlive/2015/texmf-dist/tex/latex/l3kernel/expl3.sty
Package: expl3 2015/09/27 v6111 L3 programming layer (loader) 

(/usr/local/texlive/2015/texmf-dist/tex/latex/l3kernel/expl3-code.tex
Package: expl3 2015/09/27 v6111 L3 programming layer (code) 
L3 Module: l3bootstrap 2015/09/10 v5983 L3 Bootstrap code
L3 Module: l3names 2015/09/27 v6108 L3 Namespace for primitives
L3 Module: l3basics 2015/09/22 v6033 L3 Basic definitions
L3 Module: l3expan 2015/09/10 v5983 L3 Argument expansion
L3 Module: l3tl 2015/09/23 v6037 L3 Token lists
L3 Module: l3str 2015/09/20 v6021 L3 Strings
L3 Module: l3seq 2015/08/05 v5777 L3 Sequences and stacks
L3 Module: l3int 2015/09/25 v6089 L3 Integers
\c_max_int=\count87
\l_tmpa_int=\count88
\l_tmpb_int=\count89
\g_tmpa_int=\count90
\g_tmpb_int=\count91
L3 Module: l3quark 2015/08/17 v5855 L3 Quarks
L3 Module: l3prg 2015/09/10 v5983 L3 Control structures
\g__prg_map_int=\count92
L3 Module: l3clist 2015/09/02 v5901 L3 Comma separated lists
L3 Module: l3token 2015/09/23 v6040 L3 Experimental token manipulation
L3 Module: l3prop 2015/08/05 v5777 L3 Property lists
L3 Module: l3msg 2015/09/23 v6037 L3 Messages
L3 Module: l3file 2015/09/23 v6037 L3 File and I/O operations
\l_iow_line_count_int=\count93
\l__iow_target_count_int=\count94
\l__iow_current_line_int=\count95
\l__iow_current_word_int=\count96
\l__iow_current_indentation_int=\count97
L3 Module: l3skip 2015/09/25 v6089 L3 Dimensions and skips
\c_zero_dim=\dimen103
\c_max_dim=\dimen104
\l_tmpa_dim=\dimen105
\l_tmpb_dim=\dimen106
\g_tmpa_dim=\dimen107
\g_tmpb_dim=\dimen108
\c_zero_skip=\skip43
\c_max_skip=\skip44
\l_tmpa_skip=\skip45
\l_tmpb_skip=\skip46
\g_tmpa_skip=\skip47
\g_tmpb_skip=\skip48
\c_zero_muskip=\muskip10
\c_max_muskip=\muskip11
\l_tmpa_muskip=\muskip12
\l_tmpb_muskip=\muskip13
\g_tmpa_muskip=\muskip14
\g_tmpb_muskip=\muskip15
L3 Module: l3keys 2015/09/23 v6037 L3 Key-value interfaces
\g__keyval_level_int=\count98
\l_keys_choice_int=\count99
L3 Module: l3fp 2015/08/25 v5890 L3 Floating points
\c__fp_leading_shift_int=\count100
\c__fp_middle_shift_int=\count101
\c__fp_trailing_shift_int=\count102
\c__fp_big_leading_shift_int=\count103
\c__fp_big_middle_shift_int=\count104
\c__fp_big_trailing_shift_int=\count105
\c__fp_Bigg_leading_shift_int=\count106
\c__fp_Bigg_middle_shift_int=\count107
\c__fp_Bigg_trailing_shift_int=\count108
L3 Module: l3box 2015/08/09 v5822 L3 Experimental boxes
\c_empty_box=\box26
\l_tmpa_box=\box27
\l_tmpb_box=\box28
\g_tmpa_box=\box29
\g_tmpb_box=\box30
L3 Module: l3coffins 2015/08/06 v5789 L3 Coffin code layer
\l__coffin_internal_box=\box31
\l__coffin_internal_dim=\dimen109
\l__coffin_offset_x_dim=\dimen110
\l__coffin_offset_y_dim=\dimen111
\l__coffin_x_dim=\dimen112
\l__coffin_y_dim=\dimen113
\l__coffin_x_prime_dim=\dimen114
\l__coffin_y_prime_dim=\dimen115
\c_empty_coffin=\box32
\l__coffin_aligned_coffin=\box33
\l__coffin_aligned_internal_coffin=\box34
\l_tmpa_coffin=\box35
\l_tmpb_coffin=\box36
\l__coffin_display_coffin=\box37
\l__coffin_display_coord_coffin=\box38
\l__coffin_display_pole_coffin=\box39
\l__coffin_display_offset_dim=\dimen116
\l__coffin_display_x_dim=\dimen117
\l__coffin_display_y_dim=\dimen118
L3 Module: l3color 2014/08/23 v5354 L3 Experimental color support
L3 Module: l3candidates 2015/09/23 v6039 L3 Experimental additions to l3kernel
\l__box_top_dim=\dimen119
\l__box_bottom_dim=\dimen120
\l__box_left_dim=\dimen121
\l__box_right_dim=\dimen122
\l__box_top_new_dim=\dimen123
\l__box_bottom_new_dim=\dimen124
\l__box_left_new_dim=\dimen125
\l__box_right_new_dim=\dimen126
\l__box_internal_box=\box40
\l__coffin_bounding_shift_dim=\dimen127
\l__coffin_left_corner_dim=\dimen128
\l__coffin_right_corner_dim=\dimen129
\l__coffin_bottom_corner_dim=\dimen130
\l__coffin_top_corner_dim=\dimen131
\l__coffin_scaled_total_height_dim=\dimen132
\l__coffin_scaled_width_dim=\dimen133
L3 Module: l3sys 2015/09/25 v6087 L3 Experimental system/runtime functions
L3 Module: l3luatex 2015/09/10 v5983 L3 Experimental LuaTeX-specific functions
)
(/usr/local/texlive/2015/texmf-dist/tex/latex/l3kernel/l3unicode-data.def
File: l3unicode-data.def 2015/07/20 v5676 L3 Unicode data
)
(/usr/local/texlive/2015/texmf-dist/tex/latex/l3kernel/l3xdvipdfmx.def
File: l3xdvidpfmx.def 2015/09/10 v5983 L3 Experimental driver: xdvipdfmx
))
(/usr/local/texlive/2015/texmf-dist/tex/latex/l3packages/xparse/xparse.sty
Package: xparse 2015/09/27 v6111 L3 Experimental document command parser
\l__xparse_current_arg_int=\count109
\l__xparse_m_args_int=\count110
\l__xparse_mandatory_args_int=\count111
\l__xparse_processor_int=\count112
\l__xparse_v_nesting_int=\count113
)
\l_fontspec_script_int=\count114
\l_fontspec_language_int=\count115
\l_fontspec_strnum_int=\count116
\l__fontspec_tmpa_dim=\dimen134
\l__fontspec_tmpb_dim=\dimen135
\l__fontspec_tmpc_dim=\dimen136

(/usr/local/texlive/2015/texmf-dist/tex/latex/fontspec/fontspec-patches.sty
Package: fontspec-patches 2015/09/24 v2.4e Font selection for XeLaTeX and LuaLa
TeX
LaTeX Info: Redefining \em on input line 49.
LaTeX Info: Redefining \emph on input line 57.
LaTeX Info: Redefining \- on input line 60.
.................................................
. LaTeX info: "xparse/redefine-command"
. 
. Redefining command \oldstylenums with sig. 'm' on line 155.
.................................................
.................................................
. LaTeX info: "xparse/define-command"
. 
. Defining command \liningnums with sig. 'm' on line 159.
.................................................
)
(/usr/local/texlive/2015/texmf-dist/tex/latex/fontspec/fontspec-xetex.sty
Package: fontspec-xetex 2015/09/24 v2.4e Font selection for XeLaTeX and LuaLaTe
X

(/usr/local/texlive/2015/texmf-dist/tex/latex/base/fontenc.sty
Package: fontenc 2005/09/27 v1.99g Standard LaTeX package

(/usr/local/texlive/2015/texmf-dist/tex/latex/euenc/eu1enc.def
File: eu1enc.def 2010/05/27 v0.1h Experimental Unicode font encodings
)
LaTeX Font Info:    Try loading font information for EU1+lmr on input line 105.


(/usr/local/texlive/2015/texmf-dist/tex/latex/euenc/eu1lmr.fd
File: eu1lmr.fd 2009/10/30 v1.6 Font defs for Latin Modern
))
(/usr/local/texlive/2015/texmf-dist/tex/xelatex/xunicode/xunicode.sty
File: xunicode.sty 2011/09/09 v0.981 provides access to latin accents and many 
other characters in Unicode lower plane

(/usr/local/texlive/2015/texmf-dist/tex/latex/tipa/t3enc.def
File: t3enc.def 2001/12/31 T3 encoding
LaTeX Font Info:    Try loading font information for EU1+lmss on input line 357
.

(/usr/local/texlive/2015/texmf-dist/tex/latex/euenc/eu1lmss.fd
File: eu1lmss.fd 2009/10/30 v1.6 Font defs for Latin Modern
))
\tipaTiiicode=\count117
\tipasavetokens=\toks14
\tipachecktokens=\toks15

(/usr/local/texlive/2015/texmf-dist/tex/latex/graphics/graphicx.sty
Package: graphicx 2014/10/28 v1.0g Enhanced LaTeX Graphics (DPC,SPQR)

(/usr/local/texlive/2015/texmf-dist/tex/latex/graphics/keyval.sty
Package: keyval 2014/10/28 v1.15 key=value parser (DPC)
\KV@toks@=\toks16
)
(/usr/local/texlive/2015/texmf-dist/tex/latex/graphics/graphics.sty
Package: graphics 2014/10/28 v1.0p Standard LaTeX Graphics (DPC,SPQR)

(/usr/local/texlive/2015/texmf-dist/tex/latex/graphics/trig.sty
Package: trig 1999/03/16 v1.09 sin cos tan (DPC)
)
(/usr/local/texlive/2015/texmf-dist/tex/latex/latexconfig/graphics.cfg
File: graphics.cfg 2010/04/23 v1.9 graphics configuration of TeX Live
)
Package graphics Info: Driver file: xetex.def on input line 94.

(/usr/local/texlive/2015/texmf-dist/tex/xelatex/xetex-def/xetex.def
File: xetex.def 2015/09/11 v4.06 LaTeX color/graphics driver for XeTeX (TeX Liv
e/RRM/JK)

(/usr/local/texlive/2015/texmf-dist/tex/generic/oberdiek/infwarerr.sty
Package: infwarerr 2010/04/08 v1.3 Providing info/warning/error messages (HO)
)
(/usr/local/texlive/2015/texmf-dist/tex/generic/oberdiek/ltxcmds.sty
Package: ltxcmds 2011/11/09 v1.22 LaTeX kernel commands for general use (HO)
)))
\Gin@req@height=\dimen137
\Gin@req@width=\dimen138
))
.................................................
. LaTeX info: "xparse/define-command"
. 
. Defining command \__fontspec_post_arg:w with sig. 'mmO{}' on line 42.
.................................................
.................................................
. LaTeX info: "xparse/define-command"
. 
. Defining command \fontspec with sig. 'om' on line 44.
.................................................
.................................................
. LaTeX info: "xparse/define-command"
. 
. Defining command \setmainfont with sig. 'om' on line 54.
.................................................
.................................................
. LaTeX info: "xparse/define-command"
. 
. Defining command \setsansfont with sig. 'om' on line 64.
.................................................
.................................................
. LaTeX info: "xparse/define-command"
. 
. Defining command \setmonofont with sig. 'om' on line 74.
.................................................
.................................................
. LaTeX info: "xparse/define-command"
. 
. Defining command \setmathrm with sig. 'om' on line 88.
.................................................
.................................................
. LaTeX info: "xparse/define-command"
. 
. Defining command \setboldmathrm with sig. 'om' on line 96.
.................................................
.................................................
. LaTeX info: "xparse/define-command"
. 
. Defining command \setmathsf with sig. 'om' on line 104.
.................................................
.................................................
. LaTeX info: "xparse/define-command"
. 
. Defining command \setmathtt with sig. 'om' on line 112.
.................................................
.................................................
. LaTeX info: "xparse/define-command"
. 
. Defining command \newfontfamily with sig. 'mom' on line 126.
.................................................
.................................................
. LaTeX info: "xparse/define-command"
. 
. Defining command \newfontface with sig. 'mom' on line 141.
.................................................
.................................................
. LaTeX info: "xparse/define-command"
. 
. Defining command \defaultfontfeatures with sig. 't+om' on line 155.
.................................................
.................................................
. LaTeX info: "xparse/define-command"
. 
. Defining command \addfontfeatures with sig. 'm' on line 210.
.................................................
.................................................
. LaTeX info: "xparse/define-command"
. 
. Defining command \newfontfeature with sig. 'mm' on line 221.
.................................................
.................................................
. LaTeX info: "xparse/define-command"
. 
. Defining command \newAATfeature with sig. 'mmmm' on line 229.
.................................................
.................................................
. LaTeX info: "xparse/define-command"
. 
. Defining command \newopentypefeature with sig. 'mmm' on line 237.
.................................................
.................................................
. LaTeX info: "xparse/define-command"
. 
. Defining command \aliasfontfeature with sig. 'mm' on line 258.
.................................................
.................................................
. LaTeX info: "xparse/define-command"
. 
. Defining command \aliasfontfeatureoption with sig. 'mmm' on line 267.
.................................................
.................................................
. LaTeX info: "xparse/define-command"
. 
. Defining command \newfontscript with sig. 'mm' on line 272.
.................................................
.................................................
. LaTeX info: "xparse/define-command"
. 
. Defining command \newfontlanguage with sig. 'mm' on line 298.
.................................................
.................................................
. LaTeX info: "xparse/define-command"
. 
. Defining command \DeclareFontsExtensions with sig. 'm' on line 318.
.................................................
\l__fontspec_tmp_int=\count118
LaTeX Info: Redefining \itshape on input line 2227.
LaTeX Info: Redefining \slshape on input line 2232.
LaTeX Info: Redefining \scshape on input line 2237.
LaTeX Info: Redefining \upshape on input line 2242.

(/usr/local/texlive/2015/texmf-dist/tex/latex/fontspec/fontspec.cfg)))
(/usr/local/texlive/2015/texmf-dist/tex/latex/base/inputenc.sty
Package: inputenc 2015/03/17 v1.2c Input encoding file
\inpenc@prehook=\toks17
\inpenc@posthook=\toks18


Package inputenc Warning: inputenc package ignored with utf8 based engines.

) (/usr/local/texlive/2015/texmf-dist/tex/generic/babel/babel.sty
Package: babel 2015/08/03 3.9m The Babel package

(/usr/local/texlive/2015/texmf-dist/tex/generic/babel/switch.def
File: switch.def 2015/08/03 3.9m Babel switching mechanism
)
(/usr/local/texlive/2015/texmf-dist/tex/generic/babel-russian/russianb.ldf
Language: russianb 2015/05/01 1.3g Russian support for the Babel system

(/usr/local/texlive/2015/texmf-dist/tex/generic/babel/babel.def
File: babel.def 2015/08/03 3.9m Babel common definitions
\babel@savecnt=\count119
\U@D=\dimen139

(/usr/local/texlive/2015/texmf-dist/tex/generic/babel/xebabel.def))

Package babel Warning: inputenc should not be used with LuaTeX or XeTeX on inpu
t line 110.

Package babel Info: Making " an active character on input line 111.
Package babel Info: \cyrdash is defined on input line 147.
) (/usr/local/texlive/2015/texmf-dist/tex/generic/babel-english/english.ldf
Language: english 2012/08/20 v3.3p English support from the babel system
\l@canadian = a dialect from \language\l@american 
\l@australian = a dialect from \language\l@british 
\l@newzealand = a dialect from \language\l@british 
))
(/usr/local/texlive/2015/texmf-dist/tex/latex/natbib/natbib.sty
Package: natbib 2010/09/13 8.31b (PWD, AO)
\bibhang=\skip49
\bibsep=\skip50
LaTeX Info: Redefining \cite on input line 694.
\c@NAT@ctr=\count120
)
\g__file_internal_ior=\read1
\g__fontspec_family_TimesNewRoman_int=\count121
.................................................
. fontspec info: "defining-font"
. 
. Font family 'TimesNewRoman(0)' created for font 'Times New Roman' with
. options [Ligatures=TeX].
. 
. This font family consists of the following shapes:
. 
. * 'normal' with NFSS spec.:
. <->"Times New Roman/OT:script=latn;language=DFLT;mapping=tex-text;"
. 
. * 'small caps' with NFSS spec.:
. 
. and font adjustment code:
. 
. 
. * 'bold' with NFSS spec.:
. <->"Times New Roman/B/OT:script=latn;language=DFLT;mapping=tex-text;"
. 
. * 'bold small caps' with NFSS spec.:
. 
. and font adjustment code:
. 
. 
. * 'italic' with NFSS spec.:
. <->"Times New Roman/I/OT:script=latn;language=DFLT;mapping=tex-text;"
. 
. * 'small caps' with NFSS spec.:
. 
. and font adjustment code:
. 
. 
. * 'bold italic' with NFSS spec.:
. <->"Times New Roman/BI/OT:script=latn;language=DFLT;mapping=tex-text;"
. 
. * 'bold small caps' with NFSS spec.:
. 
. and font adjustment code:
. 
.................................................

(/usr/local/texlive/2015/texmf-dist/tex/latex/hyperref/hyperref.sty
Package: hyperref 2012/11/06 v6.83m Hypertext links for LaTeX

(/usr/local/texlive/2015/texmf-dist/tex/generic/oberdiek/hobsub-hyperref.sty
Package: hobsub-hyperref 2012/05/28 v1.13 Bundle oberdiek, subset hyperref (HO)


(/usr/local/texlive/2015/texmf-dist/tex/generic/oberdiek/hobsub-generic.sty
Package: hobsub-generic 2012/05/28 v1.13 Bundle oberdiek, subset generic (HO)
Package: hobsub 2012/05/28 v1.13 Construct package bundles (HO)
Package hobsub Info: Skipping package `infwarerr' (already loaded).
Package hobsub Info: Skipping package `ltxcmds' (already loaded).
Package: ifluatex 2010/03/01 v1.3 Provides the ifluatex switch (HO)
Package ifluatex Info: LuaTeX not detected.
Package: ifvtex 2010/03/01 v1.5 Detect VTeX and its facilities (HO)
Package ifvtex Info: VTeX not detected.
Package: intcalc 2007/09/27 v1.1 Expandable calculations with integers (HO)
Package: ifpdf 2011/01/30 v2.3 Provides the ifpdf switch (HO)
Package ifpdf Info: pdfTeX in PDF mode is not detected.
Package: etexcmds 2011/02/16 v1.5 Avoid name clashes with e-TeX commands (HO)
Package etexcmds Info: Could not find \expanded.
(etexcmds)             That can mean that you are not using pdfTeX 1.50 or
(etexcmds)             that some package has redefined \expanded.
(etexcmds)             In the latter case, load this package earlier.
Package: kvsetkeys 2012/04/25 v1.16 Key value parser (HO)
Package: kvdefinekeys 2011/04/07 v1.3 Define keys (HO)
Package: pdftexcmds 2011/11/29 v0.20 Utility functions of pdfTeX for LuaTeX (HO
)
Package pdftexcmds Info: LuaTeX not detected.
Package pdftexcmds Info: pdfTeX >= 1.30 not detected.
Package pdftexcmds Info: \pdf@primitive is available.
Package pdftexcmds Info: \pdf@ifprimitive is available.
Package pdftexcmds Info: \pdfdraftmode not found.
Package: pdfescape 2011/11/25 v1.13 Implements pdfTeX's escape features (HO)
Package: bigintcalc 2012/04/08 v1.3 Expandable calculations on big integers (HO
)
Package: bitset 2011/01/30 v1.1 Handle bit-vector datatype (HO)
Package: uniquecounter 2011/01/30 v1.2 Provide unlimited unique counter (HO)
)
Package hobsub Info: Skipping package `hobsub' (already loaded).
Package: letltxmacro 2010/09/02 v1.4 Let assignment for LaTeX macros (HO)
Package: hopatch 2012/05/28 v1.2 Wrapper for package hooks (HO)
Package: xcolor-patch 2011/01/30 xcolor patch
Package: atveryend 2011/06/30 v1.8 Hooks at the very end of document (HO)
Package atveryend Info: \enddocument detected (standard20110627).
Package: atbegshi 2011/10/05 v1.16 At begin shipout hook (HO)
Package: refcount 2011/10/16 v3.4 Data extraction from label references (HO)
Package: hycolor 2011/01/30 v1.7 Color options for hyperref/bookmark (HO)
)
(/usr/local/texlive/2015/texmf-dist/tex/generic/ifxetex/ifxetex.sty
Package: ifxetex 2010/09/12 v0.6 Provides ifxetex conditional
)
(/usr/local/texlive/2015/texmf-dist/tex/latex/oberdiek/auxhook.sty
Package: auxhook 2011/03/04 v1.3 Hooks for auxiliary files (HO)
)
(/usr/local/texlive/2015/texmf-dist/tex/latex/oberdiek/kvoptions.sty
Package: kvoptions 2011/06/30 v3.11 Key value format for package options (HO)
)
\@linkdim=\dimen140
\Hy@linkcounter=\count122
\Hy@pagecounter=\count123

(/usr/local/texlive/2015/texmf-dist/tex/latex/hyperref/pd1enc.def
File: pd1enc.def 2012/11/06 v6.83m Hyperref: PDFDocEncoding definition (HO)
)
\Hy@SavedSpaceFactor=\count124
Package hyperref Info: Option `unicode' set `true' on input line 3411.

(/usr/local/texlive/2015/texmf-dist/tex/latex/hyperref/puenc.def
File: puenc.def 2012/11/06 v6.83m Hyperref: PDF Unicode definition (HO)
)
(/usr/local/texlive/2015/texmf-dist/tex/latex/latexconfig/hyperref.cfg
File: hyperref.cfg 2002/06/06 v1.2 hyperref configuration of TeXLive
)
Package hyperref Info: Option `unicode' set `true' on input line 4319.
Package hyperref Info: Option `colorlinks' set `false' on input line 4319.
Package hyperref Info: Option `hyperindex' set `true' on input line 4319.
Package hyperref Info: Option `breaklinks' set `true' on input line 4319.
Package hyperref Info: Hyper figures OFF on input line 4443.
Package hyperref Info: Link nesting OFF on input line 4448.
Package hyperref Info: Hyper index ON on input line 4451.
Package hyperref Info: Plain pages OFF on input line 4458.
Package hyperref Info: Backreferencing OFF on input line 4463.
Package hyperref Info: Implicit mode ON; LaTeX internals redefined.
Package hyperref Info: Bookmarks ON on input line 4688.
\c@Hy@tempcnt=\count125

(/usr/local/texlive/2015/texmf-dist/tex/latex/url/url.sty
\Urlmuskip=\muskip16
Package: url 2013/09/16  ver 3.4  Verb mode for urls, etc.
)
LaTeX Info: Redefining \url on input line 5041.
\XeTeXLinkMargin=\dimen141
\Fld@menulength=\count126
\Field@Width=\dimen142
\Fld@charsize=\dimen143
Package hyperref Info: Hyper figures OFF on input line 6295.
Package hyperref Info: Link nesting OFF on input line 6300.
Package hyperref Info: Hyper index ON on input line 6303.
Package hyperref Info: backreferencing OFF on input line 6310.
Package hyperref Info: Link coloring OFF on input line 6315.
Package hyperref Info: Link coloring with OCG OFF on input line 6320.
Package hyperref Info: PDF/A mode OFF on input line 6325.
LaTeX Info: Redefining \ref on input line 6365.
LaTeX Info: Redefining \pageref on input line 6369.
\Hy@abspage=\count127
\c@Item=\count128
\c@Hfootnote=\count129
)

Package hyperref Message: Driver (autodetected): hxetex.

(/usr/local/texlive/2015/texmf-dist/tex/latex/hyperref/hxetex.def
File: hxetex.def 2012/11/06 v6.83m Hyperref driver for XeTeX

(/usr/local/texlive/2015/texmf-dist/tex/generic/oberdiek/stringenc.sty
Package: stringenc 2011/12/02 v1.10 Convert strings between diff. encodings (HO
)
)
\pdfm@box=\box41
\c@Hy@AnnotLevel=\count130
\HyField@AnnotCount=\count131
\Fld@listcount=\count132
\c@bookmark@seq@number=\count133

(/usr/local/texlive/2015/texmf-dist/tex/latex/oberdiek/rerunfilecheck.sty
Package: rerunfilecheck 2011/04/15 v1.7 Rerun checks for auxiliary files (HO)
Package rerunfilecheck Info: Feature \pdfmdfivesum is not available
(rerunfilecheck)             (e.g. pdfTeX or LuaTeX with package `pdftexcmds').

(rerunfilecheck)             Therefore file contents cannot be checked efficien
tly
(rerunfilecheck)             and the loading of the package is aborted.
)
\Hy@SectionHShift=\skip51
)
(/usr/local/texlive/2015/texmf-dist/tex/latex/amsfonts/amsfonts.sty
Package: amsfonts 2013/01/14 v3.01 Basic AMSFonts support
\@emptytoks=\toks19
\symAMSa=\mathgroup4
\symAMSb=\mathgroup5
LaTeX Font Info:    Overwriting math alphabet `\mathfrak' in version `bold'
(Font)                  U/euf/m/n --> U/euf/b/n on input line 106.
)
(/usr/local/texlive/2015/texmf-dist/tex/latex/geometry/geometry.sty
Package: geometry 2010/09/12 v5.6 Page Geometry
\Gm@cnth=\count134
\Gm@cntv=\count135
\c@Gm@tempcnt=\count136
\Gm@bindingoffset=\dimen144
\Gm@wd@mp=\dimen145
\Gm@odd@mp=\dimen146
\Gm@even@mp=\dimen147
\Gm@layoutwidth=\dimen148
\Gm@layoutheight=\dimen149
\Gm@layouthoffset=\dimen150
\Gm@layoutvoffset=\dimen151
\Gm@dimlist=\toks20
)
(/usr/local/texlive/2015/texmf-dist/tex/latex/tools/indentfirst.sty
Package: indentfirst 1995/11/23 v1.03 Indent first paragraph (DPC)
)
(/usr/local/texlive/2015/texmf-dist/tex/latex/doublestroke/dsfont.sty
Package: dsfont 1995/08/01 v0.1 Double stroke roman fonts
)
(/usr/local/texlive/2015/texmf-dist/tex/latex/wrapfig/wrapfig.sty
\wrapoverhang=\dimen152
\WF@size=\dimen153
\c@WF@wrappedlines=\count137
\WF@box=\box42
\WF@everypar=\toks21
Package: wrapfig 2003/01/31  v 3.6
)
(/usr/local/texlive/2015/texmf-dist/tex/latex/amsmath/amsmath.sty
Package: amsmath 2013/01/14 v2.14 AMS math features
\@mathmargin=\skip52

For additional information on amsmath, use the `?' option.
(/usr/local/texlive/2015/texmf-dist/tex/latex/amsmath/amstext.sty
Package: amstext 2000/06/29 v2.01

(/usr/local/texlive/2015/texmf-dist/tex/latex/amsmath/amsgen.sty
File: amsgen.sty 1999/11/30 v2.0
\@emptytoks=\toks22
\ex@=\dimen154
))
(/usr/local/texlive/2015/texmf-dist/tex/latex/amsmath/amsbsy.sty
Package: amsbsy 1999/11/29 v1.2d
\pmbraise@=\dimen155
)
(/usr/local/texlive/2015/texmf-dist/tex/latex/amsmath/amsopn.sty
Package: amsopn 1999/12/14 v2.01 operator names
)
\inf@bad=\count138
LaTeX Info: Redefining \frac on input line 210.
\uproot@=\count139
\leftroot@=\count140
LaTeX Info: Redefining \overline on input line 306.
\classnum@=\count141
\DOTSCASE@=\count142
LaTeX Info: Redefining \ldots on input line 378.
LaTeX Info: Redefining \dots on input line 381.
LaTeX Info: Redefining \cdots on input line 466.
\Mathstrutbox@=\box43
\strutbox@=\box44
\big@size=\dimen156
LaTeX Font Info:    Redeclaring font encoding OML on input line 566.
LaTeX Font Info:    Redeclaring font encoding OMS on input line 567.
\macc@depth=\count143
\c@MaxMatrixCols=\count144
\dotsspace@=\muskip17
\c@parentequation=\count145
\dspbrk@lvl=\count146
\tag@help=\toks23
\row@=\count147
\column@=\count148
\maxfields@=\count149
\andhelp@=\toks24
\eqnshift@=\dimen157
\alignsep@=\dimen158
\tagshift@=\dimen159
\tagwidth@=\dimen160
\totwidth@=\dimen161
\lineht@=\dimen162
\@envbody=\toks25
\multlinegap=\skip53
\multlinetaggap=\skip54
\mathdisplay@stack=\toks26
LaTeX Info: Redefining \[ on input line 2665.
LaTeX Info: Redefining \] on input line 2666.
)
(/usr/local/texlive/2015/texmf-dist/tex/latex/amscls/amsthm.sty
Package: amsthm 2015/03/04 v2.20.2
\thm@style=\toks27
\thm@bodyfont=\toks28
\thm@headfont=\toks29
\thm@notefont=\toks30
\thm@headpunct=\toks31
\thm@preskip=\skip55
\thm@postskip=\skip56
\thm@headsep=\skip57
\dth@everypar=\toks32
)
\c@definition=\count150
\c@lemma=\count151
\c@svoistvo=\count152
\c@theorem=\count153

(./inst_proj.aux)
\openout1 = `inst_proj.aux'.

LaTeX Font Info:    Checking defaults for OML/cmm/m/it on input line 41.
LaTeX Font Info:    ... okay on input line 41.
LaTeX Font Info:    Checking defaults for T1/cmr/m/n on input line 41.
LaTeX Font Info:    ... okay on input line 41.
LaTeX Font Info:    Checking defaults for OT1/cmr/m/n on input line 41.
LaTeX Font Info:    ... okay on input line 41.
LaTeX Font Info:    Checking defaults for OMS/cmsy/m/n on input line 41.
LaTeX Font Info:    ... okay on input line 41.
LaTeX Font Info:    Checking defaults for OMX/cmex/m/n on input line 41.
LaTeX Font Info:    ... okay on input line 41.
LaTeX Font Info:    Checking defaults for U/cmr/m/n on input line 41.
LaTeX Font Info:    ... okay on input line 41.
LaTeX Font Info:    Checking defaults for EU1/lmr/m/n on input line 41.
LaTeX Font Info:    ... okay on input line 41.
LaTeX Font Info:    Checking defaults for T3/cmr/m/n on input line 41.
LaTeX Font Info:    Try loading font information for T3+cmr on input line 41.
 (/usr/local/texlive/2015/texmf-dist/tex/latex/tipa/t3cmr.fd
File: t3cmr.fd 2001/12/31 TIPA font definitions
)
LaTeX Font Info:    ... okay on input line 41.
LaTeX Font Info:    Checking defaults for PD1/pdf/m/n on input line 41.
LaTeX Font Info:    ... okay on input line 41.
LaTeX Font Info:    Checking defaults for PU/pdf/m/n on input line 41.
LaTeX Font Info:    ... okay on input line 41.

*** you should *not* be loading the inputenc package
*** XeTeX expects the source to be in UTF8 encoding
*** some features of other encodings may conflict, resulting in poor output.
.................................................
. fontspec info: "setup-math"
. 
. Adjusting the maths setup (use [no-math] to avoid this).
.................................................
\symlegacymaths=\mathgroup6
LaTeX Font Info:    Overwriting symbol font `legacymaths' in version `bold'
(Font)                  OT1/cmr/m/n --> OT1/cmr/bx/n on input line 41.
LaTeX Font Info:    Redeclaring math accent \acute on input line 41.
LaTeX Font Info:    Redeclaring math accent \grave on input line 41.
LaTeX Font Info:    Redeclaring math accent \ddot on input line 41.
LaTeX Font Info:    Redeclaring math accent \tilde on input line 41.
LaTeX Font Info:    Redeclaring math accent \bar on input line 41.
LaTeX Font Info:    Redeclaring math accent \breve on input line 41.
LaTeX Font Info:    Redeclaring math accent \check on input line 41.
LaTeX Font Info:    Redeclaring math accent \hat on input line 41.
LaTeX Font Info:    Redeclaring math accent \dot on input line 41.
LaTeX Font Info:    Redeclaring math accent \mathring on input line 41.
LaTeX Font Info:    Redeclaring math symbol \Gamma on input line 41.
LaTeX Font Info:    Redeclaring math symbol \Delta on input line 41.
LaTeX Font Info:    Redeclaring math symbol \Theta on input line 41.
LaTeX Font Info:    Redeclaring math symbol \Lambda on input line 41.
LaTeX Font Info:    Redeclaring math symbol \Xi on input line 41.
LaTeX Font Info:    Redeclaring math symbol \Pi on input line 41.
LaTeX Font Info:    Redeclaring math symbol \Sigma on input line 41.
LaTeX Font Info:    Redeclaring math symbol \Upsilon on input line 41.
LaTeX Font Info:    Redeclaring math symbol \Phi on input line 41.
LaTeX Font Info:    Redeclaring math symbol \Psi on input line 41.
LaTeX Font Info:    Redeclaring math symbol \Omega on input line 41.
LaTeX Font Info:    Redeclaring math symbol \mathdollar on input line 41.
LaTeX Font Info:    Redeclaring symbol font `operators' on input line 41.
LaTeX Font Info:    Encoding `OT1' has changed to `EU1' for symbol font
(Font)              `operators' in the math version `normal' on input line 41.
LaTeX Font Info:    Overwriting symbol font `operators' in version `normal'
(Font)                  OT1/cmr/m/n --> EU1/TimesNewRoman(0)/m/n on input line 
41.
LaTeX Font Info:    Encoding `OT1' has changed to `EU1' for symbol font
(Font)              `operators' in the math version `bold' on input line 41.
LaTeX Font Info:    Overwriting symbol font `operators' in version `bold'
(Font)                  OT1/cmr/bx/n --> EU1/TimesNewRoman(0)/m/n on input line
 41.
LaTeX Font Info:    Overwriting symbol font `operators' in version `normal'
(Font)                  EU1/TimesNewRoman(0)/m/n --> EU1/TimesNewRoman(0)/m/n o
n input line 41.
LaTeX Font Info:    Overwriting math alphabet `\mathit' in version `normal'
(Font)                  OT1/cmr/m/it --> EU1/TimesNewRoman(0)/m/it on input lin
e 41.
LaTeX Font Info:    Overwriting math alphabet `\mathbf' in version `normal'
(Font)                  OT1/cmr/bx/n --> EU1/TimesNewRoman(0)/bx/n on input lin
e 41.
LaTeX Font Info:    Overwriting math alphabet `\mathsf' in version `normal'
(Font)                  OT1/cmss/m/n --> EU1/lmss/m/n on input line 41.
LaTeX Font Info:    Overwriting math alphabet `\mathtt' in version `normal'
(Font)                  OT1/cmtt/m/n --> EU1/lmtt/m/n on input line 41.
LaTeX Font Info:    Overwriting symbol font `operators' in version `bold'
(Font)                  EU1/TimesNewRoman(0)/m/n --> EU1/TimesNewRoman(0)/bx/n 
on input line 41.
LaTeX Font Info:    Overwriting math alphabet `\mathit' in version `bold'
(Font)                  OT1/cmr/bx/it --> EU1/TimesNewRoman(0)/bx/it on input l
ine 41.
LaTeX Font Info:    Overwriting math alphabet `\mathsf' in version `bold'
(Font)                  OT1/cmss/bx/n --> EU1/lmss/bx/n on input line 41.
LaTeX Font Info:    Overwriting math alphabet `\mathtt' in version `bold'
(Font)                  OT1/cmtt/m/n --> EU1/lmtt/bx/n on input line 41.
\AtBeginShipoutBox=\box45
Package hyperref Info: Link coloring OFF on input line 41.
(/usr/local/texlive/2015/texmf-dist/tex/latex/hyperref/nameref.sty
Package: nameref 2012/10/27 v2.43 Cross-referencing by name of section

(/usr/local/texlive/2015/texmf-dist/tex/generic/oberdiek/gettitlestring.sty
Package: gettitlestring 2010/12/03 v1.4 Cleanup title references (HO)
)
\c@section@level=\count154
)
LaTeX Info: Redefining \ref on input line 41.
LaTeX Info: Redefining \pageref on input line 41.
LaTeX Info: Redefining \nameref on input line 41.

(./inst_proj.out) (./inst_proj.out)
\@outlinefile=\write3
\openout3 = `inst_proj.out'.


*geometry* driver: auto-detecting
*geometry* detected driver: xetex
*geometry* verbose mode - [ preamble ] result:
* driver: xetex
* paper: a4paper
* layout: <same size as paper>
* layoutoffset:(h,v)=(0.0pt,0.0pt)
* modes: includefoot 
* h-part:(L,W,R)=(56.9055pt, 483.69687pt, 56.9055pt)
* v-part:(T,H,B)=(38.41121pt, 768.22443pt, 38.41121pt)
* \paperwidth=597.50787pt
* \paperheight=845.04684pt
* \textwidth=483.69687pt
* \textheight=738.22443pt
* \oddsidemargin=-15.36449pt
* \evensidemargin=-15.36449pt
* \topmargin=-70.85878pt
* \headheight=12.0pt
* \headsep=25.0pt
* \topskip=12.0pt
* \footskip=30.0pt
* \marginparwidth=35.0pt
* \marginparsep=10.0pt
* \columnsep=10.0pt
* \skip\footins=10.8pt plus 4.0pt minus 2.0pt
* \hoffset=0.0pt
* \voffset=0.0pt
* \mag=1000
* \@twocolumnfalse
* \@twosidefalse
* \@mparswitchfalse
* \@reversemarginfalse
* (1in=72.27pt=25.4mm, 1cm=28.453pt)


LaTeX Font Warning: Font shape `EU1/TimesNewRoman(0)/m/sc' undefined
(Font)              using `EU1/TimesNewRoman(0)/m/n' instead on input line 43.


Overfull \hbox (5.72305pt too wide) in paragraph at lines 52--53
\EU1/TimesNewRoman(0)/m/n/12 рынка труда на основе случайных исходов для провер
ки гипотезы об отрицательной зависимости
 []


Overfull \hbox (1.45352pt too wide) in paragraph at lines 52--53
\EU1/TimesNewRoman(0)/m/n/12 стажа работы в одном университете и заработной пла
ты профессоров в США. После построения
 []


Overfull \hbox (8.6594pt too wide) in paragraph at lines 52--53
\EU1/TimesNewRoman(0)/m/n/12 модели был получен вывод: на рынках, где присутств
ует несколько университетов одного уровня,
 []


Overfull \hbox (16.82332pt too wide) in paragraph at lines 52--53
\EU1/TimesNewRoman(0)/m/n/12 которая переодически будет возникать на рынках под
обного типа. Выводы модели были проверены
 []


Overfull \hbox (7.05379pt too wide) in paragraph at lines 55--56
\EU1/TimesNewRoman(0)/m/n/12 тематике предполагает наличие монопсонической стру
ктуры рынка. Мы в свою очередь считаем,
 []


Overfull \hbox (9.93008pt too wide) in paragraph at lines 55--56
\EU1/TimesNewRoman(0)/m/n/12 Для проверки модели на реальных данных мы использо
вали информацию о системе Хьюстонских
 []


Overfull \hbox (50.28323pt too wide) in paragraph at lines 55--56
\EU1/TimesNewRoman(0)/m/n/12 университетов, которые принадлежать примерно одном
у уровню, в следствие чего могут рассматриваться
 []

[1

]
Overfull \hbox (4.27383pt too wide) in paragraph at lines 59--60
\EU1/TimesNewRoman(0)/m/n/12 зависимости уровня заработных плат и продолжительн
ости времени работы в конкретном месте.
 []


Overfull \hbox (7.36447pt too wide) in paragraph at lines 59--60
\EU1/TimesNewRoman(0)/m/n/12 Согласно ей фирма поощряет работника за приобретен
ие навыков и знаний, которые специфичны
 []


Overfull \hbox (18.83583pt too wide) in paragraph at lines 59--60
\EU1/TimesNewRoman(0)/m/n/12 для конкретного работодателя. Фирма устанавливает 
более высокую заработную плату, стимулируя
 []


Overfull \hbox (4.7258pt too wide) in paragraph at lines 59--60
\EU1/TimesNewRoman(0)/m/n/12 Всё же существуют такие рынки труда, где исследова
тели выявляют отрицательную зависимость
 []

LaTeX Font Info:    Try loading font information for U+msa on input line 61.
(/usr/local/texlive/2015/texmf-dist/tex/latex/amsfonts/umsa.fd
File: umsa.fd 2013/01/14 v3.01 AMS symbols A
)
LaTeX Font Info:    Try loading font information for U+msb on input line 61.

(/usr/local/texlive/2015/texmf-dist/tex/latex/amsfonts/umsb.fd
File: umsb.fd 2013/01/14 v3.01 AMS symbols B
)
Overfull \hbox (0.48491pt too wide) in paragraph at lines 61--62
[]\EU1/TimesNewRoman(0)/m/n/12 Сперва обратимся к модели, описанной в статье Mi
chael R. Ransom (1993)[][][]. Автор привёл
 []


Overfull \hbox (11.47464pt too wide) in paragraph at lines 61--62
\EU1/TimesNewRoman(0)/m/n/12 Study (1969) заключило что, индивиды, проработавши
е как минимум 30 лет в одном университете,
 []


Overfull \hbox (7.43405pt too wide) in paragraph at lines 61--62
\EU1/TimesNewRoman(0)/m/n/12 с поправкой на учёную степень, научную область, по
л, расу, качество института, диплом которого
 []


Overfull \hbox (5.49924pt too wide) in paragraph at lines 61--62
\EU1/TimesNewRoman(0)/m/n/12 получен, продолжительность контракта и контролируе
мость нанимающего учреждения частным
 []


Overfull \hbox (16.31094pt too wide) in paragraph at lines 65--66
\EU1/TimesNewRoman(0)/m/n/12 Для всей выборки университетов корреляция между за
работными платами и сеньорити не являлась
 []

[2]
Overfull \hbox (17.92879pt too wide) in paragraph at lines 67--68
\EU1/TimesNewRoman(0)/m/n/12 увеличить заработную плату профессора примерно на 
5-6%. Также величина снижения заработных
 []


Overfull \hbox (10.3565pt too wide) in paragraph at lines 69--70
[]\EU1/TimesNewRoman(0)/m/n/12 Далее Michael R. Ransom оценивает собственную мо
дель на данных университета Аризоны
 []


Overfull \hbox (84.21944pt too wide) in paragraph at lines 71--72
\EU1/TimesNewRoman(0)/m/n/12 стараются их нанять, предлагая более высокую зараб
отную плату. Получается, что более «высококачественные»
 []


Overfull \hbox (1.66916pt too wide) in paragraph at lines 71--72
\EU1/TimesNewRoman(0)/m/n/12 работники получают более высокую заработную плату,
 а работники с высоким сеньорити имеют
 []


Overfull \hbox (0.74844pt too wide) in paragraph at lines 71--72
\EU1/TimesNewRoman(0)/m/n/12 «качество» работников не может служить адекватным 
объяснением отрицательной зависимости
 []


Overfull \hbox (4.18283pt too wide) in paragraph at lines 73--74
\EU1/TimesNewRoman(0)/m/n/12 поэтому для смены работы профессору необходимо пер
еехать, что влечёт за собой определённые
 []


Overfull \hbox (22.98622pt too wide) in paragraph at lines 73--74
\EU1/TimesNewRoman(0)/m/n/12 издержки. Если издержки высоки, агент предпочтёт о
статься в прежнем городе (продолжительность
 []


Overfull \hbox (19.71799pt too wide) in paragraph at lines 73--74
\EU1/TimesNewRoman(0)/m/n/12 работы в одном университете будет расти), а зарабо
тная плата будет ниже возможной предложенной
 []


Overfull \hbox (13.90028pt too wide) in paragraph at lines 73--74
\EU1/TimesNewRoman(0)/m/n/12 университетом в каком-либо другом городе. Однако д
анная модель не предсказывает, что зарплаты
 []

[3]
Overfull \hbox (7.9125pt too wide) in paragraph at lines 75--76
\EU1/TimesNewRoman(0)/m/n/12 плат с увеличением сеньорити на примере различных 
эмпирических исследований и рассмотрели
 []


Overfull \hbox (30.65614pt too wide) in paragraph at lines 75--76
\EU1/TimesNewRoman(0)/m/n/12 рынке олигопсонии? Сперва обратимся к исследованию
, которое в принципе отрицает существование
 []


Overfull \hbox (20.48947pt too wide) in paragraph at lines 77--78
\EU1/TimesNewRoman(0)/m/n/12 заработной платой и сеньорити полностью исчезла, к
огда в модель включили более исчерпывающие
 []


Overfull \hbox (13.4719pt too wide) in paragraph at lines 77--78
\EU1/TimesNewRoman(0)/m/n/12 Для получения градации качества статей, авторы раз
делили публикации на два типа по отношению
 []


Overfull \hbox (36.57881pt too wide) in paragraph at lines 77--78
\EU1/TimesNewRoman(0)/m/n/12 к журналу, в котором были напечатаны. Также была в
ведена переменная, отвечающая за цитируемость:
 []


Overfull \hbox (15.32722pt too wide) in paragraph at lines 77--78
\EU1/TimesNewRoman(0)/m/n/12 как часто другие исследователи ссылались на данную
 статью. Качество преподавания оценивалось
 []


Overfull \hbox (15.40665pt too wide) in paragraph at lines 77--78
\EU1/TimesNewRoman(0)/m/n/12 на должности заведующего кафедрой в высшем учебном
 заведении как показатель управленческих
 []


Overfull \hbox (29.37149pt too wide) in paragraph at lines 79--80
\EU1/TimesNewRoman(0)/m/n/12 количества публикаций выявляет отрицательную завис
имость заработных плат и продолжительности
 []

[4]
Overfull \hbox (1.8612pt too wide) in paragraph at lines 81--82
[]\EU1/TimesNewRoman(0)/m/n/12 Теперь обратимся к статье []V. Bhaskar and To[] 
[[]2002[]][][][], которая поможет нам понять природу
 []


Overfull \hbox (19.23022pt too wide) in paragraph at lines 81--82
\EU1/TimesNewRoman(0)/m/n/12 функционировании рынка труда; олигопсония же предс
тавляет собой более подходящую структуру.
 []


Overfull \hbox (11.36237pt too wide) in paragraph at lines 83--86
[]\EU1/TimesNewRoman(0)/m/n/12 Одним из источников появления рыночной силы може
т служить разнородность заработных
 []


Overfull \hbox (11.96083pt too wide) in paragraph at lines 83--86
\EU1/TimesNewRoman(0)/m/n/12 существование издержек агента по смене работы. Бол
ее того, работники с одинаковыми навыками
 []


Overfull \hbox (35.90744pt too wide) in paragraph at lines 83--86
\EU1/TimesNewRoman(0)/m/n/12 и способностями могут иметь различные предпочтения
, касаемо таких неоплачиваемых характеристик
 []


Overfull \hbox (23.47739pt too wide) in paragraph at lines 83--86
\EU1/TimesNewRoman(0)/m/n/12 работы как: специфика работы, часы работы, расстоя
ние от дома до работы, атмосфера в коллективе.
 []


Overfull \hbox (4.80978pt too wide) in paragraph at lines 83--86
\EU1/TimesNewRoman(0)/m/n/12 Авторы статьи объясняют, каким образом модель олиг
опсонии на рынке труда помогает углубить
 []


Overfull \hbox (32.76682pt too wide) in paragraph at lines 83--86
\EU1/TimesNewRoman(0)/m/n/12 понимание различных феноменов: плата работодателям
и за тренинги для работников, дискриминация
 []


Overfull \hbox (1.72775pt too wide) in paragraph at lines 83--86
\EU1/TimesNewRoman(0)/m/n/12 Alan Manning and Ted To пишут, что рыночная сила п
оявляется за счёт различий в предпочтениях
 []


Overfull \hbox (30.20888pt too wide) in paragraph at lines 83--86
\EU1/TimesNewRoman(0)/m/n/12 работников, издержек переезда и неполной информаци
и. Поэтому кажется полноправным заключить,
 []


Overfull \hbox (26.14847pt too wide) in paragraph at lines 83--86
\EU1/TimesNewRoman(0)/m/n/12 что модель олигопсонии хорошо описывает рынок труд
а, в частности академический, исследованием
 []


Overfull \hbox (25.49779pt too wide) in paragraph at lines 89--90
[]\EU1/TimesNewRoman(0)/m/n/12 Многие статьи рассматривают академический рынок 
труда как монопсонию. Мы утверждаем,
 []


Overfull \hbox (4.27058pt too wide) in paragraph at lines 89--90
\EU1/TimesNewRoman(0)/m/n/12 ket []Ransom[] [[]1993[]]. Из неё мы возьмём базов
ую концепцию равновесия и добавим новых игроков. 
 []

[5]
Overfull \hbox (26.22385pt too wide) in paragraph at lines 91--92
\EU1/TimesNewRoman(0)/m/n/12 преподаватели являются единственными экземплярами,
 предлагающими именно такую комбинацию
 []


Overfull \hbox (18.27892pt too wide) in paragraph at lines 91--92
\EU1/TimesNewRoman(0)/m/n/12 Также будет существовать рыночная заралата $\OML/c
mm/m/it/12 w[]$\EU1/TimesNewRoman(0)/m/n/12 ; именно с такой зарплатой универси
тету придется
 []


Overfull \hbox (10.37567pt too wide) in paragraph at lines 97--98
[]\EU1/TimesNewRoman(0)/m/n/12 Как мы видим, в зависимости от предложенной зарп
латы, зарплаты предложенной другими
 []


Overfull \hbox (16.63675pt too wide) in paragraph at lines 97--98
\EU1/TimesNewRoman(0)/m/n/12 распределение, случайным исходом для которой будет
 являться выбор, сделанный преподавателем.
 []


Overfull \hbox (7.55978pt too wide) in paragraph at lines 97--98
\EU1/TimesNewRoman(0)/m/n/12 информацией, и единственный источник случайности з
аключается в выборе профессором одного
 []


Overfull \hbox (0.1008pt too wide) in paragraph at lines 97--98
\EU1/TimesNewRoman(0)/m/n/12 из университетов. Мы можем предположить, что функц
ия $\OML/cmm/m/it/12 p[]\OT1/cmr/m/n/12 (\OML/cmm/m/it/12 w[]; w[]; m; w[]\OT1/
cmr/m/n/12 )$ \EU1/TimesNewRoman(0)/m/n/12 имеет следующий
 []

LaTeX Font Info:    Try loading font information for U+dsrom on input line 99.
(/usr/local/texlive/2015/texmf-dist/tex/latex/doublestroke/Udsrom.fd
File: Udsrom.fd 1995/08/01 v0.1 Double stroke roman font definitions
)
Overfull \hbox (7.61172pt too wide) in paragraph at lines 100--102
\EU1/TimesNewRoman(0)/m/n/12 Профессор сравнивает предложенную ему зарплату нек
оторым университетом с зарплатой рынка
 []


Overfull \hbox (25.64052pt too wide) in paragraph at lines 100--102
\EU1/TimesNewRoman(0)/m/n/12 и своими дисконтированными издержками переезда. Бо
лее того, ввиду наличия функции индикатора
 []


Overfull \hbox (16.47775pt too wide) in paragraph at lines 100--102
\EU1/TimesNewRoman(0)/m/n/12 максимальной цены преподаватель будет рассматриват
ь лишь тот университет, который предложил
 []


Overfull \hbox (16.99715pt too wide) in paragraph at lines 100--102
\EU1/TimesNewRoman(0)/m/n/12 рынке. По причине присутствия ненаблюдаемых фактор
ов решение всё равно остается случайным. 
 []


Overfull \hbox (15.65027pt too wide) in paragraph at lines 104--105
[]\EU1/TimesNewRoman(0)/m/n/12 Возможен также случай, когда несколько университ
етов предложат максимальную зарплату.
 []

[6]
Overfull \hbox (19.33792pt too wide) in paragraph at lines 106--107
\EU1/TimesNewRoman(0)/m/n/12 sonistic Competition in Labor Markets Bhaskar, A. 
Manning, Ted To (2002) рассматриваются различные
 []


Overfull \hbox (15.77507pt too wide) in paragraph at lines 108--109
[]\EU1/TimesNewRoman(0)/m/n/12 Заметим, что если ВУЗ устанавливает зарплату ниж
е чем его конкуренты, то он сталкивается
 []


Overfull \hbox (17.91707pt too wide) in paragraph at lines 108--109
\EU1/TimesNewRoman(0)/m/n/12 одинаковую зарплату. Также должно быть выполнено с
ледующее условие для каждого конкретного
 []


Overfull \hbox (38.23221pt too wide) detected at line 111
\OML/cmm/m/it/12 p[]\OT1/cmr/m/n/12 (\OML/cmm/m/it/12 w[] \OMS/cmsy/m/n/12 ^^@ 
\OML/cmm/m/it/12 w[] \OT1/cmr/m/n/12 + \OML/cmm/m/it/12 ^^Nm\OT1/cmr/m/n/12 )\O
ML/cmm/m/it/12 w[] \OT1/cmr/m/n/12 + (1 \OMS/cmsy/m/n/12 ^^@ \OML/cmm/m/it/12 p
[]\OT1/cmr/m/n/12 (\OML/cmm/m/it/12 w[] \OMS/cmsy/m/n/12 ^^@ \OML/cmm/m/it/12 w
[] \OT1/cmr/m/n/12 + \OML/cmm/m/it/12 ^^Nm\OT1/cmr/m/n/12 ))\OML/cmm/m/it/12 w[
] \OT1/cmr/m/n/12 = [] + (1 \OMS/cmsy/m/n/12 ^^@ []\OT1/cmr/m/n/12 )\OML/cmm/m/
it/12 w[] \OMS/cmsy/m/n/12 ^^T \OML/cmm/m/it/12 w[]
 []

[7]
Overfull \hbox (11.64484pt too wide) in paragraph at lines 130--131
\EU1/TimesNewRoman(0)/m/n/12 будет равно $\OML/cmm/m/it/12 gt$\EU1/TimesNewRoma
n(0)/m/n/12 , и соответсвенно столько же раз в среднем будет подскакивать зарпл
ата профессора,
 []


Overfull \hbox (35.59103pt too wide) in paragraph at lines 132--133
\EU1/TimesNewRoman(0)/m/n/12 понижения зарплат на олигопсонических рынках будет
 наблюдаться, являясь более слабовыраженным,
 []


Overfull \hbox (12.52412pt too wide) in paragraph at lines 132--133
\EU1/TimesNewRoman(0)/m/n/12 чем на рынках, где присутствует лишь один универси
тет. Это будет связано с тем, что конкуренция
 []


Overfull \hbox (4.27528pt too wide) in paragraph at lines 136--137
\EU1/TimesNewRoman(0)/m/n/12 система университетов. Во-первых, университеты вну
три этой системы независимы и примерно
 []

[8]
LaTeX Font Info:    Try loading font information for EU1+lmtt on input line 138
.
 (/usr/local/texlive/2015/texmf-dist/tex/latex/euenc/eu1lmtt.fd
File: eu1lmtt.fd 2009/10/30 v1.6 Font defs for Latin Modern
)
Overfull \hbox (20.54323pt too wide) in paragraph at lines 138--140
[]$[][][][] [] [] [] [][][][][][][][] [] [][][][][][][][][][][][] [] [][][] [] 
[][][][][][][][][][][][][][][][][][][][][][][][]$[]\EU1/TimesNewRoman(0)/m/n/12
 . Перед началом анализа данные
 []


Overfull \hbox (6.75539pt too wide) in paragraph at lines 138--140
\EU1/TimesNewRoman(0)/m/n/12 только работники, занимающиеся преподаванием, то е
сть профессоры. Наконец, была добавлена
 []


Overfull \hbox (34.35097pt too wide) in paragraph at lines 138--140
\EU1/TimesNewRoman(0)/m/n/12 переменная $\OML/cmm/m/it/12 seniority$\EU1/TimesN
ewRoman(0)/m/n/12 , показывающая сколько полных лет индивид проработал в данном
 университете.
 []

[9]
Overfull \hbox (47.6719pt too wide) in paragraph at lines 205--206
\EU1/TimesNewRoman(0)/m/n/12 процессов, наличия преподавательских наград и друг
их переменных, описывающих производительность
 []


Overfull \hbox (1.34381pt too wide) in paragraph at lines 205--206
\EU1/TimesNewRoman(0)/m/n/12 преподавателя. В статье []William J. Moore and Tur
nbull[] [[]1998[]] были приведены примеры моделей,
 []


Overfull \hbox (8.45715pt too wide) in paragraph at lines 205--206
\EU1/TimesNewRoman(0)/m/n/12 модели увеличивалась до $\OML/cmm/m/it/12 R[] \OT1
/cmr/m/n/12 = 0\OML/cmm/m/it/12 :\OT1/cmr/m/n/12 73$\EU1/TimesNewRoman(0)/m/n/1
2 . В нашем кейсе не было использовано подобных переменных
 []


Overfull \hbox (9.10732pt too wide) in paragraph at lines 205--206
\EU1/TimesNewRoman(0)/m/n/12 из-за отсутствия ресурсов по сбору данных, где кол
ичество наблюдений превышало 1000. Вполне
 []


Overfull \hbox (44.86316pt too wide) in paragraph at lines 207--208
[]\EU1/TimesNewRoman(0)/m/n/12 Также стоит отметить, что причиной возможных про
блем может являться и нерепрезентативность
 []

File: image1.jpg Graphic file (type QTm)
<use  "image1.jpg" > [10]
Overfull \hbox (5.83647pt too wide) in paragraph at lines 221--222
[]\EU1/TimesNewRoman(0)/m/n/12 Многие предыдущие результаты косвенно согласуютс
я с тем, что получили мы. Например
 []


Overfull \hbox (17.54597pt too wide) in paragraph at lines 221--222
\EU1/TimesNewRoman(0)/m/n/12 одного сильного ВУЗа. Следовательно образуется мон
опсонический рынок труда для профессоров. 
 []

(./inst_proj.bbl [11])
Package atveryend Info: Empty hook `BeforeClearDocument' on input line 230.
 [12]
Package atveryend Info: Empty hook `AfterLastShipout' on input line 230.
 (./inst_proj.aux)
Package atveryend Info: Empty hook `AtVeryEndDocument' on input line 230.
Package atveryend Info: Empty hook `AtEndAfterFileList' on input line 230.


LaTeX Font Warning: Some font shapes were not available, defaults substituted.

Package atveryend Info: Empty hook `AtVeryVeryEnd' on input line 230.
 ) 
Here is how much of TeX's memory you used:
 23159 strings out of 493706
 423511 string characters out of 6145769
 469737 words of memory out of 5000000
 26301 multiletter control sequences out of 15000+600000
 10808 words of font info for 66 fonts, out of 8000000 for 9000
 1328 hyphenation exceptions out of 8191
 48i,8n,61p,10387b,443s stack positions out of 5000i,500n,10000p,200000b,80000s

Output written on inst_proj.pdf (12 pages).
